# Logfile created on 2019-11-26 09:06:06 +0100 by logger.rb/66358
I, [2019-11-26T09:06:22.290396 #4470]  INFO -- : /home/thomas/work/ttych/meet_rack/04_middleware/validate_content_type.rb:7:in `call'
/home/thomas/work/ttych/meet_rack/04_middleware/api_key.rb:17:in `call'
/home/thomas/work/ttych/meet_rack/04_middleware/file_logger.rb:13:in `call'
/home/thomas/.rbenv/versions/2.6.5/lib/ruby/gems/2.6.0/gems/rack-2.0.7/lib/rack/common_logger.rb:33:in `call'
/home/thomas/.rbenv/versions/2.6.5/lib/ruby/gems/2.6.0/gems/rack-2.0.7/lib/rack/null_logger.rb:9:in `call'
/home/thomas/.rbenv/versions/2.6.5/lib/ruby/gems/2.6.0/gems/rack-2.0.7/lib/rack/handler/webrick.rb:86:in `service'
/home/thomas/.rbenv/versions/2.6.5/lib/ruby/2.6.0/webrick/httpserver.rb:140:in `service'
/home/thomas/.rbenv/versions/2.6.5/lib/ruby/2.6.0/webrick/httpserver.rb:96:in `run'
/home/thomas/.rbenv/versions/2.6.5/lib/ruby/2.6.0/webrick/server.rb:307:in `block in start_thread'
I, [2019-11-26T09:13:38.760136 #10051]  INFO -- : /home/thomas/work/ttych/meet_rack/04_middleware/validate_content_type.rb:7:in `call'
/home/thomas/work/ttych/meet_rack/04_middleware/api_key.rb:17:in `call'
/home/thomas/work/ttych/meet_rack/04_middleware/file_logger.rb:13:in `call'
/home/thomas/.rbenv/versions/2.6.5/lib/ruby/gems/2.6.0/gems/rack-2.0.7/lib/rack/reloader.rb:45:in `call'
/home/thomas/.rbenv/versions/2.6.5/lib/ruby/gems/2.6.0/gems/rack-2.0.7/lib/rack/logger.rb:15:in `call'
/home/thomas/.rbenv/versions/2.6.5/lib/ruby/gems/2.6.0/gems/rack-2.0.7/lib/rack/tempfile_reaper.rb:15:in `call'
/home/thomas/.rbenv/versions/2.6.5/lib/ruby/gems/2.6.0/gems/rack-2.0.7/lib/rack/lint.rb:49:in `_call'
/home/thomas/.rbenv/versions/2.6.5/lib/ruby/gems/2.6.0/gems/rack-2.0.7/lib/rack/lint.rb:37:in `call'
/home/thomas/.rbenv/versions/2.6.5/lib/ruby/gems/2.6.0/gems/rack-2.0.7/lib/rack/show_exceptions.rb:23:in `call'
/home/thomas/.rbenv/versions/2.6.5/lib/ruby/gems/2.6.0/gems/rack-2.0.7/lib/rack/common_logger.rb:33:in `call'
/home/thomas/.rbenv/versions/2.6.5/lib/ruby/gems/2.6.0/gems/rack-2.0.7/lib/rack/chunked.rb:54:in `call'
/home/thomas/.rbenv/versions/2.6.5/lib/ruby/gems/2.6.0/gems/rack-2.0.7/lib/rack/content_length.rb:15:in `call'
/home/thomas/.rbenv/versions/2.6.5/lib/ruby/gems/2.6.0/gems/rack-2.0.7/lib/rack/handler/webrick.rb:86:in `service'
/home/thomas/.rbenv/versions/2.6.5/lib/ruby/2.6.0/webrick/httpserver.rb:140:in `service'
/home/thomas/.rbenv/versions/2.6.5/lib/ruby/2.6.0/webrick/httpserver.rb:96:in `run'
/home/thomas/.rbenv/versions/2.6.5/lib/ruby/2.6.0/webrick/server.rb:307:in `block in start_thread'
I, [2019-11-26T09:13:52.833745 #10051]  INFO -- : /home/thomas/work/ttych/meet_rack/04_middleware/validate_content_type.rb:7:in `call'
/home/thomas/work/ttych/meet_rack/04_middleware/api_key.rb:17:in `call'
/home/thomas/work/ttych/meet_rack/04_middleware/file_logger.rb:13:in `call'
/home/thomas/.rbenv/versions/2.6.5/lib/ruby/gems/2.6.0/gems/rack-2.0.7/lib/rack/reloader.rb:45:in `call'
/home/thomas/.rbenv/versions/2.6.5/lib/ruby/gems/2.6.0/gems/rack-2.0.7/lib/rack/logger.rb:15:in `call'
/home/thomas/.rbenv/versions/2.6.5/lib/ruby/gems/2.6.0/gems/rack-2.0.7/lib/rack/tempfile_reaper.rb:15:in `call'
/home/thomas/.rbenv/versions/2.6.5/lib/ruby/gems/2.6.0/gems/rack-2.0.7/lib/rack/lint.rb:49:in `_call'
/home/thomas/.rbenv/versions/2.6.5/lib/ruby/gems/2.6.0/gems/rack-2.0.7/lib/rack/lint.rb:37:in `call'
/home/thomas/.rbenv/versions/2.6.5/lib/ruby/gems/2.6.0/gems/rack-2.0.7/lib/rack/show_exceptions.rb:23:in `call'
/home/thomas/.rbenv/versions/2.6.5/lib/ruby/gems/2.6.0/gems/rack-2.0.7/lib/rack/common_logger.rb:33:in `call'
/home/thomas/.rbenv/versions/2.6.5/lib/ruby/gems/2.6.0/gems/rack-2.0.7/lib/rack/chunked.rb:54:in `call'
/home/thomas/.rbenv/versions/2.6.5/lib/ruby/gems/2.6.0/gems/rack-2.0.7/lib/rack/content_length.rb:15:in `call'
/home/thomas/.rbenv/versions/2.6.5/lib/ruby/gems/2.6.0/gems/rack-2.0.7/lib/rack/handler/webrick.rb:86:in `service'
/home/thomas/.rbenv/versions/2.6.5/lib/ruby/2.6.0/webrick/httpserver.rb:140:in `service'
/home/thomas/.rbenv/versions/2.6.5/lib/ruby/2.6.0/webrick/httpserver.rb:96:in `run'
/home/thomas/.rbenv/versions/2.6.5/lib/ruby/2.6.0/webrick/server.rb:307:in `block in start_thread'
